build/app/intermediates/manifest_merge_blame_file/debug/manifest-merger-blame-debug-report.txt
1<?xml version="1.0" encoding="utf-8"?>
2<manifest xmlns:android="http://schemas.android.com/apk/res/android"
3    package="com.example.gyaan_setu"
4    android:versionCode="1"
5    android:versionName="1.0.0" >
6
7    <uses-sdk
8        android:minSdkVersion="23"
9        android:targetSdkVersion="35" />
10    <!--
11         The INTERNET permission is required for development. Specifically,
12         the Flutter tool needs it to communicate with the running application
13         to allow setting breakpoints, to provide hot reload, etc.
14    -->
15    <uses-permission android:name="android.permission.INTERNET" />
15-->src\debug\AndroidManifest.xml:6:5-66
15-->src\debug\AndroidManifest.xml:6:22-64
16    <!--
17     Required to query activities that can process text, see:
18         https://developer.android.com/training/package-visibility and
19         https://developer.android.com/reference/android/content/Intent#ACTION_PROCESS_TEXT.
20
21         In particular, this is used by the Flutter engine in io.flutter.plugin.text.ProcessTextPlugin.
22    -->
23    <queries>
23-->src\main\AndroidManifest.xml:39:5-44:15
24        <intent>
24-->src\main\AndroidManifest.xml:40:9-43:18
25            <action android:name="android.intent.action.PROCESS_TEXT" />
25-->src\main\AndroidManifest.xml:41:13-72
25-->src\main\AndroidManifest.xml:41:21-70
26
27            <data android:mimeType="text/plain" />
27-->src\main\AndroidManifest.xml:42:13-50
27-->src\main\AndroidManifest.xml:42:19-48
28        </intent>
29        <intent>
29-->[:flutter_inappwebview_android] AndroidManifest.xml:8:9-10:18
30            <action android:name="android.support.customtabs.action.CustomTabsService" />
30-->[:flutter_inappwebview_android] AndroidManifest.xml:9:13-90
30-->[:flutter_inappwebview_android] AndroidManifest.xml:9:21-87
31        </intent>
32    </queries> <!-- Although the *SdkVersion is captured in gradle build files, this is required for non gradle builds -->
33    <!-- <uses-sdk android:minSdkVersion="21" /> -->
34    <uses-permission android:name="android.permission.ACCESS_NETWORK_STATE" />
34-->[com.google.firebase:firebase-firestore:25.1.2] AndroidManifest.xml:10:5-79
34-->[com.google.firebase:firebase-firestore:25.1.2] AndroidManifest.xml:10:22-76
35    <uses-permission android:name="com.google.android.providers.gsf.permission.READ_GSERVICES" />
35-->[com.google.android.recaptcha:recaptcha:18.6.1] AndroidManifest.xml:9:5-98
35-->[com.google.android.recaptcha:recaptcha:18.6.1] AndroidManifest.xml:9:22-95
36
37    <permission
37-->[androidx.core:core:1.13.1] AndroidManifest.xml:22:5-24:47
38        android:name="com.example.gyaan_setu.DYNAMIC_RECEIVER_NOT_EXPORTED_PERMISSION"
38-->[androidx.core:core:1.13.1] AndroidManifest.xml:23:9-81
39        android:protectionLevel="signature" />
39-->[androidx.core:core:1.13.1] AndroidManifest.xml:24:9-44
40
41    <uses-permission android:name="com.example.gyaan_setu.DYNAMIC_RECEIVER_NOT_EXPORTED_PERMISSION" />
41-->[androidx.core:core:1.13.1] AndroidManifest.xml:26:5-97
41-->[androidx.core:core:1.13.1] AndroidManifest.xml:26:22-94
42
43    <application
44        android:name="android.app.Application"
45        android:appComponentFactory="androidx.core.app.CoreComponentFactory"
45-->[androidx.core:core:1.13.1] AndroidManifest.xml:28:18-86
46        android:debuggable="true"
47        android:extractNativeLibs="false"
48        android:icon="@mipmap/ic_launcher"
49        android:label="gyaan_setu" >
50        <activity
51            android:name="com.example.gyaan_setu.MainActivity"
52            android:configChanges="orientation|keyboardHidden|keyboard|screenSize|smallestScreenSize|locale|layoutDirection|fontScale|screenLayout|density|uiMode"
53            android:exported="true"
54            android:hardwareAccelerated="true"
55            android:launchMode="singleTop"
56            android:taskAffinity=""
57            android:theme="@style/LaunchTheme"
58            android:windowSoftInputMode="adjustResize" >
59
60            <!--
61                 Specifies an Android theme to apply to this Activity as soon as
62                 the Android process has started. This theme is visible to the user
63                 while the Flutter UI initializes. After that, this theme continues
64                 to determine the Window background behind the Flutter UI.
65            -->
66            <meta-data
67                android:name="io.flutter.embedding.android.NormalTheme"
68                android:resource="@style/NormalTheme" />
69
70            <intent-filter>
71                <action android:name="android.intent.action.MAIN" />
72
73                <category android:name="android.intent.category.LAUNCHER" />
74            </intent-filter>
75        </activity>
76        <!--
77             Don't delete the meta-data below.
78             This is used by the Flutter tool to generate GeneratedPluginRegistrant.java
79        -->
80        <meta-data
81            android:name="flutterEmbedding"
82            android:value="2" />
83
84        <service
84-->[:cloud_firestore] AndroidManifest.xml:8:9-12:19
85            android:name="com.google.firebase.components.ComponentDiscoveryService"
85-->[:cloud_firestore] AndroidManifest.xml:8:18-89
86            android:directBootAware="true"
86-->[com.google.firebase:firebase-common:21.0.0] AndroidManifest.xml:32:13-43
87            android:exported="false" >
87-->[com.google.firebase:firebase-firestore:25.1.2] AndroidManifest.xml:16:13-37
88            <meta-data
88-->[:cloud_firestore] AndroidManifest.xml:9:13-11:85
89                android:name="com.google.firebase.components:io.flutter.plugins.firebase.firestore.FlutterFirebaseFirestoreRegistrar"
89-->[:cloud_firestore] AndroidManifest.xml:10:17-134
90                android:value="com.google.firebase.components.ComponentRegistrar" />
90-->[:cloud_firestore] AndroidManifest.xml:11:17-82
91            <meta-data
91-->[:firebase_auth] AndroidManifest.xml:9:13-11:85
92                android:name="com.google.firebase.components:io.flutter.plugins.firebase.auth.FlutterFirebaseAuthRegistrar"
92-->[:firebase_auth] AndroidManifest.xml:10:17-124
93                android:value="com.google.firebase.components.ComponentRegistrar" />
93-->[:firebase_auth] AndroidManifest.xml:11:17-82
94            <meta-data
94-->[:firebase_database] AndroidManifest.xml:9:13-11:85
95                android:name="com.google.firebase.components:io.flutter.plugins.firebase.database.FlutterFirebaseAppRegistrar"
95-->[:firebase_database] AndroidManifest.xml:10:17-127
96                android:value="com.google.firebase.components.ComponentRegistrar" />
96-->[:firebase_database] AndroidManifest.xml:11:17-82
97            <meta-data
97-->[:firebase_storage] AndroidManifest.xml:9:13-11:85
98                android:name="com.google.firebase.components:io.flutter.plugins.firebase.storage.FlutterFirebaseAppRegistrar"
98-->[:firebase_storage] AndroidManifest.xml:10:17-126
99                android:value="com.google.firebase.components.ComponentRegistrar" />
99-->[:firebase_storage] AndroidManifest.xml:11:17-82
100            <meta-data
100-->[:firebase_core] AndroidManifest.xml:9:13-11:85
101                android:name="com.google.firebase.components:io.flutter.plugins.firebase.core.FlutterFirebaseCoreRegistrar"
101-->[:firebase_core] AndroidManifest.xml:10:17-124
102                android:value="com.google.firebase.components.ComponentRegistrar" />
102-->[:firebase_core] AndroidManifest.xml:11:17-82
103            <meta-data
103-->[com.google.firebase:firebase-firestore:25.1.2] AndroidManifest.xml:17:13-19:85
104                android:name="com.google.firebase.components:com.google.firebase.firestore.FirebaseFirestoreKtxRegistrar"
104-->[com.google.firebase:firebase-firestore:25.1.2] AndroidManifest.xml:18:17-122
105                android:value="com.google.firebase.components.ComponentRegistrar" />
105-->[com.google.firebase:firebase-firestore:25.1.2] AndroidManifest.xml:19:17-82
106            <meta-data
106-->[com.google.firebase:firebase-firestore:25.1.2] AndroidManifest.xml:20:13-22:85
107                android:name="com.google.firebase.components:com.google.firebase.firestore.FirestoreRegistrar"
107-->[com.google.firebase:firebase-firestore:25.1.2] AndroidManifest.xml:21:17-111
108                android:value="com.google.firebase.components.ComponentRegistrar" />
108-->[com.google.firebase:firebase-firestore:25.1.2] AndroidManifest.xml:22:17-82
109            <meta-data
109-->[com.google.firebase:firebase-auth:23.2.0] AndroidManifest.xml:69:13-71:85
110                android:name="com.google.firebase.components:com.google.firebase.auth.FirebaseAuthRegistrar"
110-->[com.google.firebase:firebase-auth:23.2.0] AndroidManifest.xml:70:17-109
111                android:value="com.google.firebase.components.ComponentRegistrar" />
111-->[com.google.firebase:firebase-auth:23.2.0] AndroidManifest.xml:71:17-82
112            <meta-data
112-->[com.google.firebase:firebase-database:21.0.0] AndroidManifest.xml:29:13-31:85
113                android:name="com.google.firebase.components:com.google.firebase.database.FirebaseDatabaseKtxRegistrar"
113-->[com.google.firebase:firebase-database:21.0.0] AndroidManifest.xml:30:17-120
114                android:value="com.google.firebase.components.ComponentRegistrar" />
114-->[com.google.firebase:firebase-database:21.0.0] AndroidManifest.xml:31:17-82
115            <meta-data
115-->[com.google.firebase:firebase-database:21.0.0] AndroidManifest.xml:32:13-34:85
116                android:name="com.google.firebase.components:com.google.firebase.database.DatabaseRegistrar"
116-->[com.google.firebase:firebase-database:21.0.0] AndroidManifest.xml:33:17-109
117                android:value="com.google.firebase.components.ComponentRegistrar" />
117-->[com.google.firebase:firebase-database:21.0.0] AndroidManifest.xml:34:17-82
118            <meta-data
118-->[com.google.firebase:firebase-storage:21.0.1] AndroidManifest.xml:30:13-32:85
119                android:name="com.google.firebase.components:com.google.firebase.storage.FirebaseStorageKtxRegistrar"
119-->[com.google.firebase:firebase-storage:21.0.1] AndroidManifest.xml:31:17-118
120                android:value="com.google.firebase.components.ComponentRegistrar" />
120-->[com.google.firebase:firebase-storage:21.0.1] AndroidManifest.xml:32:17-82
121            <meta-data
121-->[com.google.firebase:firebase-storage:21.0.1] AndroidManifest.xml:33:13-35:85
122                android:name="com.google.firebase.components:com.google.firebase.storage.StorageRegistrar"
122-->[com.google.firebase:firebase-storage:21.0.1] AndroidManifest.xml:34:17-107
123                android:value="com.google.firebase.components.ComponentRegistrar" />
123-->[com.google.firebase:firebase-storage:21.0.1] AndroidManifest.xml:35:17-82
124            <meta-data
124-->[com.google.firebase:firebase-appcheck:18.0.0] AndroidManifest.xml:25:13-27:85
125                android:name="com.google.firebase.components:com.google.firebase.appcheck.FirebaseAppCheckKtxRegistrar"
125-->[com.google.firebase:firebase-appcheck:18.0.0] AndroidManifest.xml:26:17-120
126                android:value="com.google.firebase.components.ComponentRegistrar" />
126-->[com.google.firebase:firebase-appcheck:18.0.0] AndroidManifest.xml:27:17-82
127            <meta-data
127-->[com.google.firebase:firebase-appcheck:18.0.0] AndroidManifest.xml:28:13-30:85
128                android:name="com.google.firebase.components:com.google.firebase.appcheck.FirebaseAppCheckRegistrar"
128-->[com.google.firebase:firebase-appcheck:18.0.0] AndroidManifest.xml:29:17-117
129                android:value="com.google.firebase.components.ComponentRegistrar" />
129-->[com.google.firebase:firebase-appcheck:18.0.0] AndroidManifest.xml:30:17-82
130            <meta-data
130-->[com.google.firebase:firebase-common-ktx:21.0.0] AndroidManifest.xml:12:13-14:85
131                android:name="com.google.firebase.components:com.google.firebase.ktx.FirebaseCommonLegacyRegistrar"
131-->[com.google.firebase:firebase-common-ktx:21.0.0] AndroidManifest.xml:13:17-116
132                android:value="com.google.firebase.components.ComponentRegistrar" />
132-->[com.google.firebase:firebase-common-ktx:21.0.0] AndroidManifest.xml:14:17-82
133            <meta-data
133-->[com.google.firebase:firebase-common:21.0.0] AndroidManifest.xml:35:13-37:85
134                android:name="com.google.firebase.components:com.google.firebase.FirebaseCommonKtxRegistrar"
134-->[com.google.firebase:firebase-common:21.0.0] AndroidManifest.xml:36:17-109
135                android:value="com.google.firebase.components.ComponentRegistrar" />
135-->[com.google.firebase:firebase-common:21.0.0] AndroidManifest.xml:37:17-82
136        </service>
137
138        <activity
138-->[com.google.firebase:firebase-auth:23.2.0] AndroidManifest.xml:29:9-46:20
139            android:name="com.google.firebase.auth.internal.GenericIdpActivity"
139-->[com.google.firebase:firebase-auth:23.2.0] AndroidManifest.xml:30:13-80
140            android:excludeFromRecents="true"
140-->[com.google.firebase:firebase-auth:23.2.0] AndroidManifest.xml:31:13-46
141            android:exported="true"
141-->[com.google.firebase:firebase-auth:23.2.0] AndroidManifest.xml:32:13-36
142            android:launchMode="singleTask"
142-->[com.google.firebase:firebase-auth:23.2.0] AndroidManifest.xml:33:13-44
143            android:theme="@android:style/Theme.Translucent.NoTitleBar" >
143-->[com.google.firebase:firebase-auth:23.2.0] AndroidManifest.xml:34:13-72
144            <intent-filter>
144-->[com.google.firebase:firebase-auth:23.2.0] AndroidManifest.xml:35:13-45:29
145                <action android:name="android.intent.action.VIEW" />
145-->[com.google.firebase:firebase-auth:23.2.0] AndroidManifest.xml:36:17-69
145-->[com.google.firebase:firebase-auth:23.2.0] AndroidManifest.xml:36:25-66
146
147                <category android:name="android.intent.category.DEFAULT" />
147-->[com.google.firebase:firebase-auth:23.2.0] AndroidManifest.xml:38:17-76
147-->[com.google.firebase:firebase-auth:23.2.0] AndroidManifest.xml:38:27-73
148                <category android:name="android.intent.category.BROWSABLE" />
148-->[com.google.firebase:firebase-auth:23.2.0] AndroidManifest.xml:39:17-78
148-->[com.google.firebase:firebase-auth:23.2.0] AndroidManifest.xml:39:27-75
149
150                <data
150-->src\main\AndroidManifest.xml:42:13-50
151                    android:host="firebase.auth"
152                    android:path="/"
153                    android:scheme="genericidp" />
154            </intent-filter>
155        </activity>
156        <activity
156-->[com.google.firebase:firebase-auth:23.2.0] AndroidManifest.xml:47:9-64:20
157            android:name="com.google.firebase.auth.internal.RecaptchaActivity"
157-->[com.google.firebase:firebase-auth:23.2.0] AndroidManifest.xml:48:13-79
158            android:excludeFromRecents="true"
158-->[com.google.firebase:firebase-auth:23.2.0] AndroidManifest.xml:49:13-46
159            android:exported="true"
159-->[com.google.firebase:firebase-auth:23.2.0] AndroidManifest.xml:50:13-36
160            android:launchMode="singleTask"
160-->[com.google.firebase:firebase-auth:23.2.0] AndroidManifest.xml:51:13-44
161            android:theme="@android:style/Theme.Translucent.NoTitleBar" >
161-->[com.google.firebase:firebase-auth:23.2.0] AndroidManifest.xml:52:13-72
162            <intent-filter>
162-->[com.google.firebase:firebase-auth:23.2.0] AndroidManifest.xml:53:13-63:29
163                <action android:name="android.intent.action.VIEW" />
163-->[com.google.firebase:firebase-auth:23.2.0] AndroidManifest.xml:36:17-69
163-->[com.google.firebase:firebase-auth:23.2.0] AndroidManifest.xml:36:25-66
164
165                <category android:name="android.intent.category.DEFAULT" />
165-->[com.google.firebase:firebase-auth:23.2.0] AndroidManifest.xml:38:17-76
165-->[com.google.firebase:firebase-auth:23.2.0] AndroidManifest.xml:38:27-73
166                <category android:name="android.intent.category.BROWSABLE" />
166-->[com.google.firebase:firebase-auth:23.2.0] AndroidManifest.xml:39:17-78
166-->[com.google.firebase:firebase-auth:23.2.0] AndroidManifest.xml:39:27-75
167
168                <data
168-->src\main\AndroidManifest.xml:42:13-50
169                    android:host="firebase.auth"
170                    android:path="/"
171                    android:scheme="recaptcha" />
172            </intent-filter>
173        </activity>
174        <activity
174-->[:flutter_inappwebview_android] AndroidManifest.xml:14:9-18:47
175            android:name="com.pichillilorenzo.flutter_inappwebview_android.in_app_browser.InAppBrowserActivity"
175-->[:flutter_inappwebview_android] AndroidManifest.xml:15:13-112
176            android:configChanges="orientation|keyboardHidden|keyboard|screenSize|locale|layoutDirection|fontScale|screenLayout|density"
176-->[:flutter_inappwebview_android] AndroidManifest.xml:16:13-137
177            android:exported="false"
177-->[:flutter_inappwebview_android] AndroidManifest.xml:17:13-37
178            android:theme="@style/AppTheme" />
178-->[:flutter_inappwebview_android] AndroidManifest.xml:18:13-44
179        <activity
179-->[:flutter_inappwebview_android] AndroidManifest.xml:19:9-22:55
180            android:name="com.pichillilorenzo.flutter_inappwebview_android.chrome_custom_tabs.ChromeCustomTabsActivity"
180-->[:flutter_inappwebview_android] AndroidManifest.xml:20:13-120
181            android:exported="false"
181-->[:flutter_inappwebview_android] AndroidManifest.xml:21:13-37
182            android:theme="@style/ThemeTransparent" />
182-->[:flutter_inappwebview_android] AndroidManifest.xml:22:13-52
183        <activity
183-->[:flutter_inappwebview_android] AndroidManifest.xml:23:9-26:55
184            android:name="com.pichillilorenzo.flutter_inappwebview_android.chrome_custom_tabs.TrustedWebActivity"
184-->[:flutter_inappwebview_android] AndroidManifest.xml:24:13-114
185            android:exported="false"
185-->[:flutter_inappwebview_android] AndroidManifest.xml:25:13-37
186            android:theme="@style/ThemeTransparent" />
186-->[:flutter_inappwebview_android] AndroidManifest.xml:26:13-52
187        <activity
187-->[:flutter_inappwebview_android] AndroidManifest.xml:27:9-31:55
188            android:name="com.pichillilorenzo.flutter_inappwebview_android.chrome_custom_tabs.ChromeCustomTabsActivitySingleInstance"
188-->[:flutter_inappwebview_android] AndroidManifest.xml:28:13-134
189            android:exported="false"
189-->[:flutter_inappwebview_android] AndroidManifest.xml:29:13-37
190            android:launchMode="singleInstance"
190-->[:flutter_inappwebview_android] AndroidManifest.xml:30:13-48
191            android:theme="@style/ThemeTransparent" />
191-->[:flutter_inappwebview_android] AndroidManifest.xml:31:13-52
192        <activity
192-->[:flutter_inappwebview_android] AndroidManifest.xml:32:9-36:55
193            android:name="com.pichillilorenzo.flutter_inappwebview_android.chrome_custom_tabs.TrustedWebActivitySingleInstance"
193-->[:flutter_inappwebview_android] AndroidManifest.xml:33:13-128
194            android:exported="false"
194-->[:flutter_inappwebview_android] AndroidManifest.xml:34:13-37
195            android:launchMode="singleInstance"
195-->[:flutter_inappwebview_android] AndroidManifest.xml:35:13-48
196            android:theme="@style/ThemeTransparent" />
196-->[:flutter_inappwebview_android] AndroidManifest.xml:36:13-52
197
198        <receiver
198-->[:flutter_inappwebview_android] AndroidManifest.xml:38:9-41:40
199            android:name="com.pichillilorenzo.flutter_inappwebview_android.chrome_custom_tabs.ActionBroadcastReceiver"
199-->[:flutter_inappwebview_android] AndroidManifest.xml:39:13-119
200            android:enabled="true"
200-->[:flutter_inappwebview_android] AndroidManifest.xml:40:13-35
201            android:exported="false" />
201-->[:flutter_inappwebview_android] AndroidManifest.xml:41:13-37
202
203        <meta-data
203-->[:flutter_inappwebview_android] AndroidManifest.xml:43:9-45:36
204            android:name="io.flutter.embedded_views_preview"
204-->[:flutter_inappwebview_android] AndroidManifest.xml:44:13-61
205            android:value="true" />
205-->[:flutter_inappwebview_android] AndroidManifest.xml:45:13-33
206
207        <provider
207-->[:image_picker_android] AndroidManifest.xml:9:9-17:20
208            android:name="io.flutter.plugins.imagepicker.ImagePickerFileProvider"
208-->[:image_picker_android] AndroidManifest.xml:10:13-82
209            android:authorities="com.example.gyaan_setu.flutter.image_provider"
209-->[:image_picker_android] AndroidManifest.xml:11:13-74
210            android:exported="false"
210-->[:image_picker_android] AndroidManifest.xml:12:13-37
211            android:grantUriPermissions="true" >
211-->[:image_picker_android] AndroidManifest.xml:13:13-47
212            <meta-data
212-->[:image_picker_android] AndroidManifest.xml:14:13-16:75
213                android:name="android.support.FILE_PROVIDER_PATHS"
213-->[:image_picker_android] AndroidManifest.xml:15:17-67
214                android:resource="@xml/flutter_image_picker_file_paths" />
214-->[:image_picker_android] AndroidManifest.xml:16:17-72
215        </provider> <!-- Trigger Google Play services to install the backported photo picker module. -->
216        <service
216-->[:image_picker_android] AndroidManifest.xml:19:9-31:19
217            android:name="com.google.android.gms.metadata.ModuleDependencies"
217-->[:image_picker_android] AndroidManifest.xml:20:13-78
218            android:enabled="false"
218-->[:image_picker_android] AndroidManifest.xml:21:13-36
219            android:exported="false" >
219-->[:image_picker_android] AndroidManifest.xml:22:13-37
220            <intent-filter>
220-->[:image_picker_android] AndroidManifest.xml:24:13-26:29
221                <action android:name="com.google.android.gms.metadata.MODULE_DEPENDENCIES" />
221-->[:image_picker_android] AndroidManifest.xml:25:17-94
221-->[:image_picker_android] AndroidManifest.xml:25:25-91
222            </intent-filter>
223
224            <meta-data
224-->[:image_picker_android] AndroidManifest.xml:28:13-30:36
225                android:name="photopicker_activity:0:required"
225-->[:image_picker_android] AndroidManifest.xml:29:17-63
226                android:value="" />
226-->[:image_picker_android] AndroidManifest.xml:30:17-33
227        </service>
228        <service
228-->[androidx.credentials:credentials-play-services-auth:1.2.0-rc01] AndroidManifest.xml:24:9-32:19
229            android:name="androidx.credentials.playservices.CredentialProviderMetadataHolder"
229-->[androidx.credentials:credentials-play-services-auth:1.2.0-rc01] AndroidManifest.xml:25:13-94
230            android:enabled="true"
230-->[androidx.credentials:credentials-play-services-auth:1.2.0-rc01] AndroidManifest.xml:26:13-35
231            android:exported="false" >
231-->[androidx.credentials:credentials-play-services-auth:1.2.0-rc01] AndroidManifest.xml:27:13-37
232            <meta-data
232-->[androidx.credentials:credentials-play-services-auth:1.2.0-rc01] AndroidManifest.xml:29:13-31:104
233                android:name="androidx.credentials.CREDENTIAL_PROVIDER_KEY"
233-->[androidx.credentials:credentials-play-services-auth:1.2.0-rc01] AndroidManifest.xml:30:17-76
234                android:value="androidx.credentials.playservices.CredentialProviderPlayServicesImpl" />
234-->[androidx.credentials:credentials-play-services-auth:1.2.0-rc01] AndroidManifest.xml:31:17-101
235        </service>
236
237        <activity
237-->[androidx.credentials:credentials-play-services-auth:1.2.0-rc01] AndroidManifest.xml:34:9-41:20
238            android:name="androidx.credentials.playservices.HiddenActivity"
238-->[androidx.credentials:credentials-play-services-auth:1.2.0-rc01] AndroidManifest.xml:35:13-76
239            android:configChanges="orientation|screenSize|screenLayout|keyboardHidden"
239-->[androidx.credentials:credentials-play-services-auth:1.2.0-rc01] AndroidManifest.xml:36:13-87
240            android:enabled="true"
240-->[androidx.credentials:credentials-play-services-auth:1.2.0-rc01] AndroidManifest.xml:37:13-35
241            android:exported="false"
241-->[androidx.credentials:credentials-play-services-auth:1.2.0-rc01] AndroidManifest.xml:38:13-37
242            android:fitsSystemWindows="true"
242-->[androidx.credentials:credentials-play-services-auth:1.2.0-rc01] AndroidManifest.xml:39:13-45
243            android:theme="@style/Theme.Hidden" >
243-->[androidx.credentials:credentials-play-services-auth:1.2.0-rc01] AndroidManifest.xml:40:13-48
244        </activity>
245        <activity
245-->[com.google.android.gms:play-services-auth:20.7.0] AndroidManifest.xml:23:9-27:75
246            android:name="com.google.android.gms.auth.api.signin.internal.SignInHubActivity"
246-->[com.google.android.gms:play-services-auth:20.7.0] AndroidManifest.xml:24:13-93
247            android:excludeFromRecents="true"
247-->[com.google.android.gms:play-services-auth:20.7.0] AndroidManifest.xml:25:13-46
248            android:exported="false"
248-->[com.google.android.gms:play-services-auth:20.7.0] AndroidManifest.xml:26:13-37
249            android:theme="@android:style/Theme.Translucent.NoTitleBar" />
249-->[com.google.android.gms:play-services-auth:20.7.0] AndroidManifest.xml:27:13-72
250        <!--
251            Service handling Google Sign-In user revocation. For apps that do not integrate with
252            Google Sign-In, this service will never be started.
253        -->
254        <service
254-->[com.google.android.gms:play-services-auth:20.7.0] AndroidManifest.xml:33:9-37:51
255            android:name="com.google.android.gms.auth.api.signin.RevocationBoundService"
255-->[com.google.android.gms:play-services-auth:20.7.0] AndroidManifest.xml:34:13-89
256            android:exported="true"
256-->[com.google.android.gms:play-services-auth:20.7.0] AndroidManifest.xml:35:13-36
257            android:permission="com.google.android.gms.auth.api.signin.permission.REVOCATION_NOTIFICATION"
257-->[com.google.android.gms:play-services-auth:20.7.0] AndroidManifest.xml:36:13-107
258            android:visibleToInstantApps="true" />
258-->[com.google.android.gms:play-services-auth:20.7.0] AndroidManifest.xml:37:13-48
259
260        <activity
260-->[com.google.android.gms:play-services-base:18.1.0] AndroidManifest.xml:20:9-22:45
261            android:name="com.google.android.gms.common.api.GoogleApiActivity"
261-->[com.google.android.gms:play-services-base:18.1.0] AndroidManifest.xml:20:19-85
262            android:exported="false"
262-->[com.google.android.gms:play-services-base:18.1.0] AndroidManifest.xml:22:19-43
263            android:theme="@android:style/Theme.Translucent.NoTitleBar" />
263-->[com.google.android.gms:play-services-base:18.1.0] AndroidManifest.xml:21:19-78
264
265        <provider
265-->[com.google.firebase:firebase-common:21.0.0] AndroidManifest.xml:23:9-28:39
266            android:name="com.google.firebase.provider.FirebaseInitProvider"
266-->[com.google.firebase:firebase-common:21.0.0] AndroidManifest.xml:24:13-77
267            android:authorities="com.example.gyaan_setu.firebaseinitprovider"
267-->[com.google.firebase:firebase-common:21.0.0] AndroidManifest.xml:25:13-72
268            android:directBootAware="true"
268-->[com.google.firebase:firebase-common:21.0.0] AndroidManifest.xml:26:13-43
269            android:exported="false"
269-->[com.google.firebase:firebase-common:21.0.0] AndroidManifest.xml:27:13-37
270            android:initOrder="100" />
270-->[com.google.firebase:firebase-common:21.0.0] AndroidManifest.xml:28:13-36
271
272        <uses-library
272-->[androidx.window:window:1.2.0] AndroidManifest.xml:23:9-25:40
273            android:name="androidx.window.extensions"
273-->[androidx.window:window:1.2.0] AndroidManifest.xml:24:13-54
274            android:required="false" />
274-->[androidx.window:window:1.2.0] AndroidManifest.xml:25:13-37
275        <uses-library
275-->[androidx.window:window:1.2.0] AndroidManifest.xml:26:9-28:40
276            android:name="androidx.window.sidecar"
276-->[androidx.window:window:1.2.0] AndroidManifest.xml:27:13-51
277            android:required="false" />
277-->[androidx.window:window:1.2.0] AndroidManifest.xml:28:13-37
278
279        <meta-data
279-->[com.google.android.gms:play-services-basement:18.4.0] AndroidManifest.xml:6:9-122
280            android:name="com.google.android.gms.version"
280-->[com.google.android.gms:play-services-basement:18.4.0] AndroidManifest.xml:6:20-65
281            android:value="@integer/google_play_services_version" />
281-->[com.google.android.gms:play-services-basement:18.4.0] AndroidManifest.xml:6:66-119
282
283        <provider
283-->[androidx.emoji2:emoji2:1.2.0] AndroidManifest.xml:24:9-32:20
284            android:name="androidx.startup.InitializationProvider"
284-->[androidx.emoji2:emoji2:1.2.0] AndroidManifest.xml:25:13-67
285            android:authorities="com.example.gyaan_setu.androidx-startup"
285-->[androidx.emoji2:emoji2:1.2.0] AndroidManifest.xml:26:13-68
286            android:exported="false" >
286-->[androidx.emoji2:emoji2:1.2.0] AndroidManifest.xml:27:13-37
287            <meta-data
287-->[androidx.emoji2:emoji2:1.2.0] AndroidManifest.xml:29:13-31:52
288                android:name="androidx.emoji2.text.EmojiCompatInitializer"
288-->[androidx.emoji2:emoji2:1.2.0] AndroidManifest.xml:30:17-75
289                android:value="androidx.startup" />
289-->[androidx.emoji2:emoji2:1.2.0] AndroidManifest.xml:31:17-49
290            <meta-data
290-->[androidx.lifecycle:lifecycle-process:2.7.0] AndroidManifest.xml:29:13-31:52
291                android:name="androidx.lifecycle.ProcessLifecycleInitializer"